<?xml version="1.0" encoding="UTF-8"?>
<testng-results ignored="0" total="1" passed="0" failed="1" skipped="0">
  <reporter-output>
  </reporter-output>
  <suite started-at="2023-03-22T11:28:06 IST" name="Default suite" finished-at="2023-03-22T11:36:00 IST" duration-ms="474054">
    <groups>
    </groups>
    <test started-at="2023-03-22T11:28:06 IST" name="Default test" finished-at="2023-03-22T11:36:00 IST" duration-ms="474054">
      <class name="com.wsg.tests.Poc">
        <test-method is-config="true" signature="setUp()[pri:0, instance:com.wsg.tests.Poc@158da8e]" started-at="2023-03-22T11:28:07 IST" name="setUp" finished-at="2023-03-22T11:28:11 IST" duration-ms="4572" status="PASS">
          <reporter-output>
          </reporter-output>
        </test-method> <!-- setUp -->
        <test-method signature="requisitionCycle(java.util.Map)[pri:1, instance:com.wsg.tests.Poc@158da8e]" started-at="2023-03-22T11:28:11 IST" name="requisitionCycle" data-provider="getData" finished-at="2023-03-22T11:36:00 IST" duration-ms="468836" status="FAIL">
          <params>
            <param index="0">
              <value>
                <![CDATA[{Test Data 1={urlClient=https://wsg-client-test.flentisprouat.com/login.aspx, emailClient=lrogers@wsgcorp.comTEST, passwordClient=53007, healthSystem=San Ysidro Health, facility=Health System, hsUnit=COVID Testing Unit, typeOfWorker=Medical Support - Clinical, hsSpeciality=Medical Assistant COVID Runner, requisitionType=Temp, noOfWeeks=10, noOfPositions=10, rate=10, startTime=0800AM, endTime=0500PM, vendorlist=[HealthCare Talent, Cypress], managerName=Shana Hackworth, reqReason=High Census, urlVendor=https://wsg-vendor-test.flentisprouat.com/login.aspx, emailVendor=ajung1234@healthcaretalent.netTEST, passwordVendor=31003, firstName=Aarya, middleName=N, lastName=Sareen, candidateEmail=AaryaSareen@yopmail.com, phone=9876532104, candidatePayRate=30, suite/apt=LXI, address=Andhra Bhavan, Noida City, zip=342003, city=Noida, state=Kentucky / United States, availability=01/30/2023, sSN=8520, timeZone=Central Time, vendorEmployeeID=3699, stateOT=United States - Ohio, specialty=Medical Assistant COVID Runner (Medical Support - Clinical), interviewDate1=03/20/2023, interviewTime1=1000AM, interviewTimeZone1=Central Time, interviewComment1=Yesterday, interviewDate2=03/18/2023, interviewTime2=1200PM, interviewTimeZone2=Alaska Time, interviewComment2=Today, interviewDate3=03/23/2023, interviewTime3=0500PM, interviewTimeZone3=Mountain Time, interviewComment3=Tomorrow}}]]>
              </value>
            </param>
          </params>
          <exception class="org.openqa.selenium.TimeoutException">
            <message>
              <![CDATA[Expected condition failed: waiting for presence of element located by: By.xpath: //*[@id='ContentPlaceHolder2_btnIntscheduleCJ'] (tried for 120 second(s) with 500 milliseconds interval)]]>
            </message>
            <full-stacktrace>
              <![CDATA[org.openqa.selenium.TimeoutException: Expected condition failed: waiting for presence of element located by: By.xpath: //*[@id='ContentPlaceHolder2_btnIntscheduleCJ'] (tried for 120 second(s) with 500 milliseconds interval)
at org.openqa.selenium.support.ui.WebDriverWait.timeoutException(WebDriverWait.java:87)
at org.openqa.selenium.support.ui.FluentWait.until(FluentWait.java:231)
at com.wsg.abstractComponents.AbstractComponent.waitForPresenceOfElement(AbstractComponent.java:42)
at com.wsg.pageObjects.ClientNewRequisitionPage.interviewSchedule(ClientNewRequisitionPage.java:283)
at com.wsg.tests.Poc.requisitionCycle(Poc.java:61)
at java.base/jdk.internal.reflect.DirectMethodHandleAccessor.invoke(DirectMethodHandleAccessor.java:104)
at java.base/java.lang.reflect.Method.invoke(Method.java:578)
at org.testng.internal.MethodInvocationHelper.invokeMethod(MethodInvocationHelper.java:133)
at org.testng.internal.TestInvoker.invokeMethod(TestInvoker.java:598)
at org.testng.internal.TestInvoker.invokeTestMethod(TestInvoker.java:173)
at org.testng.internal.MethodRunner.runInSequence(MethodRunner.java:46)
at org.testng.internal.TestInvoker$MethodInvocationAgent.invoke(TestInvoker.java:824)
at org.testng.internal.TestInvoker.invokeTestMethods(TestInvoker.java:146)
at org.testng.internal.TestMethodWorker.invokeTestMethods(TestMethodWorker.java:146)
at org.testng.internal.TestMethodWorker.run(TestMethodWorker.java:128)
at java.base/java.util.ArrayList.forEach(ArrayList.java:1511)
at org.testng.TestRunner.privateRun(TestRunner.java:794)
at org.testng.TestRunner.run(TestRunner.java:596)
at org.testng.SuiteRunner.runTest(SuiteRunner.java:377)
at org.testng.SuiteRunner.runSequentially(SuiteRunner.java:371)
at org.testng.SuiteRunner.privateRun(SuiteRunner.java:332)
at org.testng.SuiteRunner.run(SuiteRunner.java:276)
at org.testng.SuiteRunnerWorker.runSuite(SuiteRunnerWorker.java:53)
at org.testng.SuiteRunnerWorker.run(SuiteRunnerWorker.java:96)
at org.testng.TestNG.runSuitesSequentially(TestNG.java:1212)
at org.testng.TestNG.runSuitesLocally(TestNG.java:1134)
at org.testng.TestNG.runSuites(TestNG.java:1063)
at org.testng.TestNG.run(TestNG.java:1031)
at org.testng.remote.AbstractRemoteTestNG.run(AbstractRemoteTestNG.java:115)
at org.testng.remote.RemoteTestNG.initAndRun(RemoteTestNG.java:251)
at org.testng.remote.RemoteTestNG.main(RemoteTestNG.java:77)
Caused by: org.openqa.selenium.NoSuchWindowException: no such window: target window already closed
from unknown error: web view not found
  (Session info: chrome=111.0.5563.65)
Build info: version: '4.7.2', revision: '4d4020c3b7'
System info: os.name: 'Windows 11', os.arch: 'amd64', os.version: '10.0', java.version: '19'
Driver info: org.openqa.selenium.chrome.ChromeDriver
Command: [94251fa59b5b329d259de69b958d5479, findElement {using=xpath, value=//*[@id='ContentPlaceHolder2_btnIntscheduleCJ']}]
Capabilities {acceptInsecureCerts: false, browserName: chrome, browserVersion: 111.0.5563.65, chrome: {chromedriverVersion: 111.0.5563.64 (c710e93d5b63..., userDataDir: C:\Users\adars\AppData\Loca...}, goog:chromeOptions: {debuggerAddress: localhost:50126}, networkConnectionEnabled: false, pageLoadStrategy: normal, platformName: WINDOWS, proxy: Proxy(), se:cdp: ws://localhost:50126/devtoo..., se:cdpVersion: 111.0.5563.65, setWindowRect: true, strictFileInteractability: false, timeouts: {implicit: 0, pageLoad: 300000, script: 30000}, unhandledPromptBehavior: dismiss and notify, webauthn:extension:credBlob: true, webauthn:extension:largeBlob: true, webauthn:extension:minPinLength: true, webauthn:extension:prf: true, webauthn:virtualAuthenticators: true}
Session ID: 94251fa59b5b329d259de69b958d5479
at java.base/jdk.internal.reflect.DirectConstructorHandleAccessor.newInstance(DirectConstructorHandleAccessor.java:67)
at java.base/java.lang.reflect.Constructor.newInstanceWithCaller(Constructor.java:500)
at java.base/java.lang.reflect.Constructor.newInstance(Constructor.java:484)
at org.openqa.selenium.remote.codec.w3c.W3CHttpResponseCodec.createException(W3CHttpResponseCodec.java:200)
at org.openqa.selenium.remote.codec.w3c.W3CHttpResponseCodec.decode(W3CHttpResponseCodec.java:133)
at org.openqa.selenium.remote.codec.w3c.W3CHttpResponseCodec.decode(W3CHttpResponseCodec.java:53)
at org.openqa.selenium.remote.HttpCommandExecutor.execute(HttpCommandExecutor.java:184)
at org.openqa.selenium.remote.service.DriverCommandExecutor.invokeExecute(DriverCommandExecutor.java:167)
at org.openqa.selenium.remote.service.DriverCommandExecutor.execute(DriverCommandExecutor.java:142)
at org.openqa.selenium.remote.RemoteWebDriver.execute(RemoteWebDriver.java:535)
at org.openqa.selenium.remote.ElementLocation$ElementFinder$2.findElement(ElementLocation.java:162)
at org.openqa.selenium.remote.ElementLocation.findElement(ElementLocation.java:60)
at org.openqa.selenium.remote.RemoteWebDriver.findElement(RemoteWebDriver.java:351)
at org.openqa.selenium.remote.RemoteWebDriver.findElement(RemoteWebDriver.java:343)
at org.openqa.selenium.support.ui.ExpectedConditions$6.apply(ExpectedConditions.java:174)
at org.openqa.selenium.support.ui.ExpectedConditions$6.apply(ExpectedConditions.java:171)
at org.openqa.selenium.support.ui.FluentWait.until(FluentWait.java:208)
... 29 more
]]>
            </full-stacktrace>
          </exception> <!-- org.openqa.selenium.TimeoutException -->
          <reporter-output>
          </reporter-output>
        </test-method> <!-- requisitionCycle -->
        <test-method is-config="true" signature="tearDown()[pri:0, instance:com.wsg.tests.Poc@158da8e]" started-at="2023-03-22T11:36:00 IST" name="tearDown" finished-at="2023-03-22T11:36:00 IST" duration-ms="243" status="PASS">
          <reporter-output>
          </reporter-output>
        </test-method> <!-- tearDown -->
      </class> <!-- com.wsg.tests.Poc -->
    </test> <!-- Default test -->
  </suite> <!-- Default suite -->
</testng-results>
